Unity Editor version:    2022.3.16f1 (d2c21f0ef2f1)
Branch:                  2022.3/staging
Build type:              Release
Batch mode:              YES
macOS version:           Version 14.2 (Build 23C64)
Darwin version:          23.2.0
Architecture:            arm64
Running under Rosetta:   NO
Available memory:        16384 MB
Using pre-set license
Pro License: YES

COMMAND LINE ARGUMENTS:
/Applications/Unity/Hub/Editor/2022.3.16f1/Unity.app/Contents/MacOS/Unity
-adb2
-batchMode
-noUpm
-name
AssetImportWorker1
-projectPath
/Users/yeonwookim/Library/Mobile Documents/com~apple~CloudDocs/1. 학교/비교과/Versefile/haireditor/walking character
-logFile
Logs/AssetImportWorker1.log
-srvPort
49508
Successfully changed project path to: /Users/yeonwookim/Library/Mobile Documents/com~apple~CloudDocs/1. 학교/비교과/Versefile/haireditor/walking character
/Users/yeonwookim/Library/Mobile Documents/com~apple~CloudDocs/1. 학교/비교과/Versefile/haireditor/walking character
[UnityMemory] Configuration Parameters - Can be set up in boot.config
    "memorysetup-bucket-allocator-granularity=16"
    "memorysetup-bucket-allocator-bucket-count=8"
    "memorysetup-bucket-allocator-block-size=33554432"
    "memorysetup-bucket-allocator-block-count=8"
    "memorysetup-main-allocator-block-size=16777216"
    "memorysetup-thread-allocator-block-size=16777216"
    "memorysetup-gfx-main-allocator-block-size=16777216"
    "memorysetup-gfx-thread-allocator-block-size=16777216"
    "memorysetup-cache-allocator-block-size=4194304"
    "memorysetup-typetree-allocator-block-size=2097152"
    "memorysetup-profiler-bucket-allocator-granularity=16"
    "memorysetup-profiler-bucket-allocator-bucket-count=8"
    "memorysetup-profiler-bucket-allocator-block-size=33554432"
    "memorysetup-profiler-bucket-allocator-block-count=8"
    "memorysetup-profiler-allocator-block-size=16777216"
    "memorysetup-profiler-editor-allocator-block-size=1048576"
    "memorysetup-temp-allocator-size-main=16777216"
    "memorysetup-job-temp-allocator-block-size=2097152"
    "memorysetup-job-temp-allocator-block-size-background=1048576"
    "memorysetup-job-temp-allocator-reduction-small-platforms=262144"
    "memorysetup-allocator-temp-initial-block-size-main=262144"
    "memorysetup-allocator-temp-initial-block-size-worker=262144"
    "memorysetup-temp-allocator-size-background-worker=32768"
    "memorysetup-temp-allocator-size-job-worker=262144"
    "memorysetup-temp-allocator-size-preload-manager=33554432"
    "memorysetup-temp-allocator-size-nav-mesh-worker=65536"
    "memorysetup-temp-allocator-size-audio-worker=65536"
    "memorysetup-temp-allocator-size-cloud-worker=32768"
    "memorysetup-temp-allocator-size-gi-baking-worker=262144"
    "memorysetup-temp-allocator-size-gfx=262144"
Player connection [8073629696] Host "[IP] 192.168.219.105 [Port] 0 [Flags] 2 [Guid] 2903915503 [EditorId] 2903915503 [Version] 1048832 [Id] OSXEditor(0,gim-yeon-uui-MacBookPro.local) [Debug] 1 [PackageName] OSXEditor [ProjectName] Editor" joined multi-casting on [225.0.0.222:54997]...

Player connection [8073629696] Host "[IP] 192.168.219.105 [Port] 0 [Flags] 2 [Guid] 2903915503 [EditorId] 2903915503 [Version] 1048832 [Id] OSXEditor(0,gim-yeon-uui-MacBookPro.local) [Debug] 1 [PackageName] OSXEditor [ProjectName] Editor" joined alternative multi-casting on [225.0.0.222:34997]...

[Physics::Module] Initialized MultithreadedJobDispatcher with 7 workers.
Refreshing native plugins compatible for Editor in 4.19 ms, found 2 plugins.
Preloading 0 native plugins for Editor in 0.00 ms.
Initialize engine version: 2022.3.16f1 (d2c21f0ef2f1)
[Subsystems] Discovering subsystems at path /Applications/Unity/Hub/Editor/2022.3.16f1/Unity.app/Contents/Resources/UnitySubsystems
[Subsystems] Discovering subsystems at path /Users/yeonwookim/Library/Mobile Documents/com~apple~CloudDocs/1. 학교/비교과/Versefile/haireditor/walking character/Assets
GfxDevice: creating device client; threaded=0; jobified=0
 preferred device: Apple M1 Pro (high power)
Metal devices available: 1
0: Apple M1 Pro (high power)
Using device Apple M1 Pro (high power)
Initializing Metal device caps: Apple M1 Pro
Initialize mono
Mono path[0] = '/Applications/Unity/Hub/Editor/2022.3.16f1/Unity.app/Contents/Managed'
Mono path[1] = '/Applications/Unity/Hub/Editor/2022.3.16f1/Unity.app/Contents/MonoBleedingEdge/lib/mono/unityjit-macos'
Mono config path = '/Applications/Unity/Hub/Editor/2022.3.16f1/Unity.app/Contents/MonoBleedingEdge/etc'
Using monoOptions --debugger-agent=transport=dt_socket,embedding=1,server=y,suspend=n,address=127.0.0.1:56145
Begin MonoManager ReloadAssembly
Registering precompiled unity dll's ...
Register platform support module: /Applications/Unity/Hub/Editor/2022.3.16f1/PlaybackEngines/WebGLSupport/UnityEditor.WebGL.Extensions.dll
Register platform support module: /Applications/Unity/Hub/Editor/2022.3.16f1/Unity.app/Contents/PlaybackEngines/MacStandaloneSupport/UnityEditor.OSXStandalone.Extensions.dll
Registered in 0.003930 seconds.
- Loaded All Assemblies, in  0.228 seconds
Native extension for OSXStandalone target not found
Native extension for WebGL target not found
Mono: successfully reloaded assembly
- Finished resetting the current domain, in  0.154 seconds
Domain Reload Profiling: 382ms
	BeginReloadAssembly (68ms)
		ExecutionOrderSort (0ms)
		DisableScriptedObjects (0ms)
		BackupInstance (0ms)
		ReleaseScriptingObjects (0ms)
		CreateAndSetChildDomain (0ms)
	RebuildCommonClasses (22ms)
	RebuildNativeTypeToScriptingClass (8ms)
	initialDomainReloadingComplete (33ms)
	LoadAllAssembliesAndSetupDomain (97ms)
		LoadAssemblies (69ms)
		RebuildTransferFunctionScriptingTraits (0ms)
		AnalyzeDomain (95ms)
			TypeCache.Refresh (93ms)
				TypeCache.ScanAssembly (84ms)
			ScanForSourceGeneratedMonoScriptInfo (0ms)
			ResolveRequiredComponents (0ms)
	FinalizeReload (154ms)
		ReleaseScriptCaches (0ms)
		RebuildScriptCaches (0ms)
		SetupLoadedEditorAssemblies (119ms)
			LogAssemblyErrors (0ms)
			InitializePlatformSupportModulesInManaged (5ms)
			SetLoadedEditorAssemblies (3ms)
			RefreshPlugins (0ms)
			BeforeProcessingInitializeOnLoad (1ms)
			ProcessInitializeOnLoadAttributes (83ms)
			ProcessInitializeOnLoadMethodAttributes (27ms)
			AfterProcessingInitializeOnLoad (0ms)
			EditorAssembliesLoaded (0ms)
		ExecutionOrderSort2 (0ms)
		AwakeInstancesAfterBackupRestoration (0ms)
========================================================================
Worker process is ready to serve import requests
Begin MonoManager ReloadAssembly
- Loaded All Assemblies, in  0.388 seconds
Refreshing native plugins compatible for Editor in 1.39 ms, found 2 plugins.
Native extension for OSXStandalone target not found
Native extension for WebGL target not found
Package Manager log level set to [2]
[Package Manager] Server::EnsureServerProcessIsRunning -- launch failed, reason: Unity was launched with the -noUpm command-line argument
[Package Manager] UpmClient::Send -- Unable to send message (not connected to UPM process).
[Package Manager] Cannot connect to Unity Package Manager local server
Mono: successfully reloaded assembly
- Finished resetting the current domain, in  0.339 seconds
Domain Reload Profiling: 728ms
	BeginReloadAssembly (74ms)
		ExecutionOrderSort (0ms)
		DisableScriptedObjects (3ms)
		BackupInstance (0ms)
		ReleaseScriptingObjects (0ms)
		CreateAndSetChildDomain (15ms)
	RebuildCommonClasses (22ms)
	RebuildNativeTypeToScriptingClass (8ms)
	initialDomainReloadingComplete (22ms)
	LoadAllAssembliesAndSetupDomain (263ms)
		LoadAssemblies (183ms)
		RebuildTransferFunctionScriptingTraits (0ms)
		AnalyzeDomain (114ms)
			TypeCache.Refresh (103ms)
				TypeCache.ScanAssembly (90ms)
			ScanForSourceGeneratedMonoScriptInfo (7ms)
			ResolveRequiredComponents (2ms)
	FinalizeReload (340ms)
		ReleaseScriptCaches (0ms)
		RebuildScriptCaches (0ms)
		SetupLoadedEditorAssemblies (245ms)
			LogAssemblyErrors (0ms)
			InitializePlatformSupportModulesInManaged (4ms)
			SetLoadedEditorAssemblies (3ms)
			RefreshPlugins (0ms)
			BeforeProcessingInitializeOnLoad (36ms)
			ProcessInitializeOnLoadAttributes (191ms)
			ProcessInitializeOnLoadMethodAttributes (11ms)
			AfterProcessingInitializeOnLoad (1ms)
			EditorAssembliesLoaded (0ms)
		ExecutionOrderSort2 (0ms)
		AwakeInstancesAfterBackupRestoration (2ms)
Launching external process: /Applications/Unity/Hub/Editor/2022.3.16f1/Unity.app/Contents/Tools/UnityShaderCompiler
Launched and connected shader compiler UnityShaderCompiler after 0.05 seconds
Refreshing native plugins compatible for Editor in 1.10 ms, found 2 plugins.
Preloading 0 native plugins for Editor in 0.00 ms.
Unloading 3128 Unused Serialized files (Serialized files now loaded: 0)
Unloading 32 unused Assets / (51.0 KB). Loaded Objects now: 3589.
Memory consumption went from 128.5 MB to 128.5 MB.
Total: 2.397250 ms (FindLiveObjects: 0.100625 ms CreateObjectMapping: 0.067250 ms MarkObjects: 2.148709 ms  DeleteObjects: 0.080125 ms)

AssetImportParameters requested are different than current active one (requested -> active):
  custom:container-demuxer-ogg: 62fdf1f143b41e24485cea50d1cbac27 -> 
  custom:video-decoder-ogg-theora: a1e56fd34408186e4bbccfd4996cb3dc -> 
  custom:CustomObjectIndexerAttribute: 43b350a4d6e6d1791af0b5038c4bea17 -> 
  custom:container-demuxer-webm: 4f35f7cbe854078d1ac9338744f61a02 -> 
  custom:container-muxer-webm: aa71ff27fc2769a1b78a27578f13a17b -> 
  custom:video-decoder-webm-vp8: 9c59270c3fd7afecdb556c50c9e8de78 -> 
  custom:SearchIndexIgnoredProperties: e643bd26f0fe6173181afceb89e7c659 -> 
  custom:AudioImporter_EditorPlatform: 3918e3fc78b5a79bad01e8451be0beb8 -> 
  custom:framework-osx-AVFoundation: e770b220cccbd017edd2c1fefb359320 -> 
  custom:video-encoder-webm-vp8: eb34c28f22e8b96e1ab97ce403110664 -> 
  custom:audio-decoder-ogg-vorbis: bf7c407c2cedff20999df2af8eb42d56 -> 
  custom:audio-encoder-webm-vorbis: bf7c407c2cedff20999df2af8eb42d56 -> 
========================================================================
Received Import Request.
  Time since last request: 8020.381048 seconds.
  path: Assets/hair/Scenes/animation/2 to 3.anim
  artifactKey: Guid(21604d5d0e87643ac9b9dbd6085709c9) Importer(2089858483,0ecaa5967403d082aa24f35e1b516d23)
Start importing Assets/hair/Scenes/animation/2 to 3.anim using Guid(21604d5d0e87643ac9b9dbd6085709c9) Importer(2089858483,0ecaa5967403d082aa24f35e1b516d23)  -> (artifact id: 'fb43156bd57ac37612a142f998a6cd87') in 0.046090 seconds
Number of updated asset objects reloaded before import = 0
Number of asset objects unloaded after import = 1
========================================================================
Received Import Request.
  Time since last request: 0.000043 seconds.
  path: Assets/hair/Scenes/animation/Animator_control.controller
  artifactKey: Guid(a4fa3da1decf843b8985bc586d219091) Importer(2089858483,0ecaa5967403d082aa24f35e1b516d23)
Start importing Assets/hair/Scenes/animation/Animator_control.controller using Guid(a4fa3da1decf843b8985bc586d219091) Importer(2089858483,0ecaa5967403d082aa24f35e1b516d23)  -> (artifact id: '6dcff2a4bfbd2dbf2b1d23ed3d60f02f') in 0.003848 seconds
Number of updated asset objects reloaded before import = 0
Number of asset objects unloaded after import = 14
========================================================================
Received Import Request.
  Time since last request: 0.000040 seconds.
  path: Assets/hair/Scenes/animation/1def.anim
  artifactKey: Guid(239da09eda8564c5cbf7a2e24fdb8f26) Importer(2089858483,0ecaa5967403d082aa24f35e1b516d23)
Start importing Assets/hair/Scenes/animation/1def.anim using Guid(239da09eda8564c5cbf7a2e24fdb8f26) Importer(2089858483,0ecaa5967403d082aa24f35e1b516d23)  -> (artifact id: 'f75cf891725c184246195416d3b0b2e1') in 0.002614 seconds
Number of updated asset objects reloaded before import = 0
Number of asset objects unloaded after import = 1
========================================================================
Received Import Request.
  Time since last request: 0.000087 seconds.
  path: Assets/hair/Scenes/animation/2def.anim
  artifactKey: Guid(60e8dbc85a00d4fbfaee86dd1eba9612) Importer(2089858483,0ecaa5967403d082aa24f35e1b516d23)
Start importing Assets/hair/Scenes/animation/2def.anim using Guid(60e8dbc85a00d4fbfaee86dd1eba9612) Importer(2089858483,0ecaa5967403d082aa24f35e1b516d23)  -> (artifact id: 'fbdc3933606b235024179188f17488e8') in 0.004084 seconds
Number of updated asset objects reloaded before import = 0
Number of asset objects unloaded after import = 1
========================================================================
Received Import Request.
  Time since last request: 0.000070 seconds.
  path: Assets/hair/Scenes/animation/1 to 3.anim
  artifactKey: Guid(ac40a2b70f430403f8f7b04a429a7e2c) Importer(2089858483,0ecaa5967403d082aa24f35e1b516d23)
Start importing Assets/hair/Scenes/animation/1 to 3.anim using Guid(ac40a2b70f430403f8f7b04a429a7e2c) Importer(2089858483,0ecaa5967403d082aa24f35e1b516d23)  -> (artifact id: 'b4bdda23071e51b7769b2a8666f58324') in 0.002610 seconds
Number of updated asset objects reloaded before import = 0
Number of asset objects unloaded after import = 1
========================================================================
Received Import Request.
  Time since last request: 0.000074 seconds.
  path: Assets/hair/Scenes/SampleScene.unity
  artifactKey: Guid(9fc0d4010bbf28b4594072e72b8655ab) Importer(2089858483,0ecaa5967403d082aa24f35e1b516d23)
Start importing Assets/hair/Scenes/SampleScene.unity using Guid(9fc0d4010bbf28b4594072e72b8655ab) Importer(2089858483,0ecaa5967403d082aa24f35e1b516d23)  -> (artifact id: 'ae48ceae875c11164723360f33f9cae3') in 0.001173 seconds
Number of updated asset objects reloaded before import = 0
Number of asset objects unloaded after import = 1
========================================================================
Received Import Request.
  Time since last request: 0.000081 seconds.
  path: Assets/walking/AnimationControllers/PlayerController.controller
  artifactKey: Guid(a68e62fb742a0e0488c3eb3b0bf6b63a) Importer(2089858483,0ecaa5967403d082aa24f35e1b516d23)
Start importing Assets/walking/AnimationControllers/PlayerController.controller using Guid(a68e62fb742a0e0488c3eb3b0bf6b63a) Importer(2089858483,0ecaa5967403d082aa24f35e1b516d23)  -> (artifact id: 'dba77cd3a72519336d719f1a4ecc66cc') in 0.003327 seconds
Number of updated asset objects reloaded before import = 0
Number of asset objects unloaded after import = 4
========================================================================
Received Import Request.
  Time since last request: 0.000035 seconds.
  path: Assets/walking/Scripts/PlayerController.cs
  artifactKey: Guid(8e5820fd9ffdbaf408215776b3c4fbec) Importer(2089858483,0ecaa5967403d082aa24f35e1b516d23)
Start importing Assets/walking/Scripts/PlayerController.cs using Guid(8e5820fd9ffdbaf408215776b3c4fbec) Importer(2089858483,0ecaa5967403d082aa24f35e1b516d23)  -> (artifact id: 'a794cb93a226085d6ebf9734065ece0b') in 0.002270 seconds
Number of updated asset objects reloaded before import = 0
Number of asset objects unloaded after import = 1
========================================================================
Received Import Request.
  Time since last request: 0.000153 seconds.
  path: Assets/hair/Scenes/hair1_re.fbx
  artifactKey: Guid(dce12bff228a34553b6e70d41a1f75e4) Importer(2089858483,0ecaa5967403d082aa24f35e1b516d23)
Start importing Assets/hair/Scenes/hair1_re.fbx using Guid(dce12bff228a34553b6e70d41a1f75e4) Importer(2089858483,0ecaa5967403d082aa24f35e1b516d23)  -> (artifact id: '343894fc26d5f686387e7d70b0024fcf') in 0.043052 seconds
Number of updated asset objects reloaded before import = 0
Number of asset objects unloaded after import = 64
========================================================================
Received Import Request.
  Time since last request: 0.000045 seconds.
  path: Assets/hair/Scenes/animation/3def.anim
  artifactKey: Guid(aa39f0c067cc74202a54385cc9e7e2de) Importer(2089858483,0ecaa5967403d082aa24f35e1b516d23)
Start importing Assets/hair/Scenes/animation/3def.anim using Guid(aa39f0c067cc74202a54385cc9e7e2de) Importer(2089858483,0ecaa5967403d082aa24f35e1b516d23)  -> (artifact id: 'ebd56830052a1681ca30b3166de89d19') in 0.002417 seconds
Number of updated asset objects reloaded before import = 0
Number of asset objects unloaded after import = 1
========================================================================
Received Import Request.
  Time since last request: 0.000074 seconds.
  path: Assets/hair/Scenes/animation/2 to 1.anim
  artifactKey: Guid(722d185ae3b104c289addeab2e54dec9) Importer(2089858483,0ecaa5967403d082aa24f35e1b516d23)
Start importing Assets/hair/Scenes/animation/2 to 1.anim using Guid(722d185ae3b104c289addeab2e54dec9) Importer(2089858483,0ecaa5967403d082aa24f35e1b516d23)  -> (artifact id: '1b82c019e597cde16087e2c9e42a7170') in 0.002987 seconds
Number of updated asset objects reloaded before import = 0
Number of asset objects unloaded after import = 1
========================================================================
Received Import Request.
  Time since last request: 0.000109 seconds.
  path: Assets/hair/Anicont.cs
  artifactKey: Guid(9b87714d065bd44a9a43b410209fe7da) Importer(2089858483,0ecaa5967403d082aa24f35e1b516d23)
Start importing Assets/hair/Anicont.cs using Guid(9b87714d065bd44a9a43b410209fe7da) Importer(2089858483,0ecaa5967403d082aa24f35e1b516d23)  -> (artifact id: '8411bc0fa3052dc3ccf1622cd0b66306') in 0.001425 seconds
Number of updated asset objects reloaded before import = 0
Number of asset objects unloaded after import = 1
========================================================================
Received Import Request.
  Time since last request: 0.000099 seconds.
  path: Assets/hair/Scenes/animation/1 to 2.anim
  artifactKey: Guid(21b2f5486991c44348a302dee40d9716) Importer(2089858483,0ecaa5967403d082aa24f35e1b516d23)
Start importing Assets/hair/Scenes/animation/1 to 2.anim using Guid(21b2f5486991c44348a302dee40d9716) Importer(2089858483,0ecaa5967403d082aa24f35e1b516d23)  -> (artifact id: '87a8f144713648cae4e56fb7560bd231') in 0.002384 seconds
Number of updated asset objects reloaded before import = 0
Number of asset objects unloaded after import = 1
========================================================================
Received Import Request.
  Time since last request: 0.000158 seconds.
  path: Assets/hair/Scenes/animation/3 to 2.anim
  artifactKey: Guid(5ef367331eee046d2b03cab22de9f121) Importer(2089858483,0ecaa5967403d082aa24f35e1b516d23)
Start importing Assets/hair/Scenes/animation/3 to 2.anim using Guid(5ef367331eee046d2b03cab22de9f121) Importer(2089858483,0ecaa5967403d082aa24f35e1b516d23)  -> (artifact id: 'cfed070530842154ab57af7143530f79') in 0.003624 seconds
Number of updated asset objects reloaded before import = 0
Number of asset objects unloaded after import = 1
========================================================================
Received Import Request.
  Time since last request: 0.000104 seconds.
  path: Assets/hair/Scenes/animation/3 to 1.anim
  artifactKey: Guid(6f2bd8b6c7c814e8daafc2230cf0f55d) Importer(2089858483,0ecaa5967403d082aa24f35e1b516d23)
Start importing Assets/hair/Scenes/animation/3 to 1.anim using Guid(6f2bd8b6c7c814e8daafc2230cf0f55d) Importer(2089858483,0ecaa5967403d082aa24f35e1b516d23)  -> (artifact id: '8fd7fb105f531faa130dcbdc26d9dd78') in 0.002384 seconds
Number of updated asset objects reloaded before import = 0
Number of asset objects unloaded after import = 1
========================================================================
Received Import Request.
  Time since last request: 0.000074 seconds.
  path: Assets/hair/Scenes/eyeballs.fbx
  artifactKey: Guid(571f86acfdff74baabc7637797738f5b) Importer(2089858483,0ecaa5967403d082aa24f35e1b516d23)
Start importing Assets/hair/Scenes/eyeballs.fbx using Guid(571f86acfdff74baabc7637797738f5b) Importer(2089858483,0ecaa5967403d082aa24f35e1b516d23)  -> (artifact id: '46bbddf014cf8c191698dc238d41a127') in 0.019553 seconds
Number of updated asset objects reloaded before import = 0
Number of asset objects unloaded after import = 15
========================================================================
Received Import Request.
  Time since last request: 0.000054 seconds.
  path: Assets/walking/Models/character_fin.fbx
  artifactKey: Guid(9dd50191e7593b4478410d5cfac15095) Importer(2089858483,0ecaa5967403d082aa24f35e1b516d23)
Start importing Assets/walking/Models/character_fin.fbx using Guid(9dd50191e7593b4478410d5cfac15095) Importer(2089858483,0ecaa5967403d082aa24f35e1b516d23)  -> (artifact id: 'da733c045ab7b36db3dbc52a7a507c4d') in 0.048872 seconds
Number of updated asset objects reloaded before import = 0
Number of asset objects unloaded after import = 228
